[07/December/2023 14:35:41] INFO [receive_2023-12-07.read_msg:39] The script has started working
[07/December/2023 14:35:41] INFO [receive_2023-12-07.callback:85] Callback start for ch=, method=, properties=, body_message called
[07/December/2023 14:35:51] INFO [receive_2023-12-07.connect_to_db:260] Success connect to clickhouse
[07/December/2023 14:35:51] INFO [receive_2023-12-07.parse_data:124] Starting read json. Length of json is 5980. Table is datacore_freight
[07/December/2023 14:35:52] INFO [receive_2023-12-07.write_to_json:165] Saving data to file 2023-12-07 14:35:52.401454_datacore_freight.json
[07/December/2023 14:35:52] INFO [receive_2023-12-07.count_number_loaded_rows:283] The data has not yet been uploaded to the database
[07/December/2023 14:36:52] INFO [receive_2023-12-07.count_number_loaded_rows:285] The data has been uploaded to the database
[07/December/2023 14:36:53] INFO [receive_2023-12-07.update_status:298] Success updated `is_obsolete` key on `False`
[07/December/2023 14:37:19] INFO [receive_2023-12-07.read_msg:39] The script has started working
[07/December/2023 14:37:19] INFO [receive_2023-12-07.callback:85] Callback start for ch=, method=, properties=, body_message called
[07/December/2023 14:37:30] INFO [receive_2023-12-07.connect_to_db:260] Success connect to clickhouse
[07/December/2023 14:37:30] INFO [receive_2023-12-07.parse_data:124] Starting read json. Length of json is 963. Table is counterparties
[07/December/2023 14:37:30] INFO [receive_2023-12-07.write_to_json:165] Saving data to file 2023-12-07 14:37:30.340316_counterparties.json
[07/December/2023 14:37:30] INFO [receive_2023-12-07.count_number_loaded_rows:283] The data has not yet been uploaded to the database
[07/December/2023 14:38:30] INFO [receive_2023-12-07.count_number_loaded_rows:285] The data has been uploaded to the database
[07/December/2023 14:38:30] INFO [receive_2023-12-07.update_status:298] Success updated `is_obsolete` key on `False`
[07/December/2023 14:39:58] INFO [receive_2023-12-07.read_msg:39] The script has started working
[07/December/2023 14:39:58] INFO [receive_2023-12-07.callback:85] Callback start for ch=, method=, properties=, body_message called
[07/December/2023 14:40:08] INFO [receive_2023-12-07.connect_to_db:260] Success connect to clickhouse
[07/December/2023 14:40:08] INFO [receive_2023-12-07.parse_data:124] Starting read json. Length of json is 35050. Table is natural_indicators_by_contracts_segments
[07/December/2023 14:40:09] INFO [receive_2023-12-07.write_to_json:165] Saving data to file 2023-12-07 14:40:09.334088_natural_indicators_by_contracts_segments.json
[07/December/2023 14:40:09] INFO [receive_2023-12-07.count_number_loaded_rows:283] The data has not yet been uploaded to the database
[07/December/2023 14:40:29] INFO [receive_2023-12-07.count_number_loaded_rows:283] The data has not yet been uploaded to the database
[07/December/2023 14:40:50] INFO [receive_2023-12-07.count_number_loaded_rows:283] The data has not yet been uploaded to the database
[07/December/2023 14:41:10] INFO [receive_2023-12-07.count_number_loaded_rows:283] The data has not yet been uploaded to the database
[07/December/2023 14:41:30] INFO [receive_2023-12-07.count_number_loaded_rows:283] The data has not yet been uploaded to the database
[07/December/2023 14:41:50] INFO [receive_2023-12-07.count_number_loaded_rows:283] The data has not yet been uploaded to the database
[07/December/2023 14:42:11] INFO [receive_2023-12-07.count_number_loaded_rows:283] The data has not yet been uploaded to the database
[07/December/2023 14:42:31] INFO [receive_2023-12-07.count_number_loaded_rows:283] The data has not yet been uploaded to the database
[07/December/2023 14:42:51] INFO [receive_2023-12-07.count_number_loaded_rows:283] The data has not yet been uploaded to the database
[07/December/2023 14:43:11] INFO [receive_2023-12-07.count_number_loaded_rows:283] The data has not yet been uploaded to the database
[07/December/2023 14:43:32] INFO [receive_2023-12-07.count_number_loaded_rows:283] The data has not yet been uploaded to the database
[07/December/2023 14:43:52] INFO [receive_2023-12-07.count_number_loaded_rows:283] The data has not yet been uploaded to the database
[07/December/2023 14:44:12] INFO [receive_2023-12-07.count_number_loaded_rows:283] The data has not yet been uploaded to the database
[07/December/2023 14:44:32] INFO [receive_2023-12-07.count_number_loaded_rows:283] The data has not yet been uploaded to the database
[07/December/2023 14:44:52] INFO [receive_2023-12-07.count_number_loaded_rows:283] The data has not yet been uploaded to the database
[07/December/2023 14:45:13] INFO [receive_2023-12-07.count_number_loaded_rows:283] The data has not yet been uploaded to the database
[07/December/2023 14:45:33] INFO [receive_2023-12-07.count_number_loaded_rows:283] The data has not yet been uploaded to the database
[07/December/2023 14:45:53] INFO [receive_2023-12-07.count_number_loaded_rows:283] The data has not yet been uploaded to the database
[07/December/2023 14:46:13] INFO [receive_2023-12-07.count_number_loaded_rows:283] The data has not yet been uploaded to the database
[07/December/2023 14:46:34] INFO [receive_2023-12-07.count_number_loaded_rows:283] The data has not yet been uploaded to the database
[07/December/2023 14:46:54] INFO [receive_2023-12-07.count_number_loaded_rows:283] The data has not yet been uploaded to the database
[07/December/2023 14:47:14] INFO [receive_2023-12-07.count_number_loaded_rows:283] The data has not yet been uploaded to the database
[07/December/2023 14:47:34] INFO [receive_2023-12-07.count_number_loaded_rows:283] The data has not yet been uploaded to the database
[07/December/2023 14:47:55] INFO [receive_2023-12-07.count_number_loaded_rows:283] The data has not yet been uploaded to the database
[07/December/2023 14:48:15] INFO [receive_2023-12-07.count_number_loaded_rows:283] The data has not yet been uploaded to the database
[07/December/2023 14:48:35] INFO [receive_2023-12-07.count_number_loaded_rows:283] The data has not yet been uploaded to the database
[07/December/2023 14:48:55] INFO [receive_2023-12-07.count_number_loaded_rows:283] The data has not yet been uploaded to the database
[07/December/2023 14:49:15] INFO [receive_2023-12-07.count_number_loaded_rows:283] The data has not yet been uploaded to the database
[07/December/2023 14:49:36] INFO [receive_2023-12-07.count_number_loaded_rows:283] The data has not yet been uploaded to the database
[07/December/2023 14:49:56] INFO [receive_2023-12-07.count_number_loaded_rows:283] The data has not yet been uploaded to the database
[07/December/2023 14:50:16] INFO [receive_2023-12-07.count_number_loaded_rows:283] The data has not yet been uploaded to the database
[07/December/2023 14:50:37] INFO [receive_2023-12-07.count_number_loaded_rows:283] The data has not yet been uploaded to the database
[07/December/2023 14:50:57] INFO [receive_2023-12-07.count_number_loaded_rows:283] The data has not yet been uploaded to the database
[07/December/2023 14:51:18] INFO [receive_2023-12-07.count_number_loaded_rows:283] The data has not yet been uploaded to the database
[07/December/2023 14:51:38] INFO [receive_2023-12-07.count_number_loaded_rows:285] The data has been uploaded to the database
[07/December/2023 14:51:39] INFO [receive_2023-12-07.update_status:298] Success updated `is_obsolete` key on `False`
[07/December/2023 14:54:40] INFO [receive_2023-12-07.read_msg:39] The script has started working
[07/December/2023 14:54:40] INFO [receive_2023-12-07.callback:85] Callback start for ch=, method=, properties=, body_message called
[07/December/2023 14:54:51] INFO [receive_2023-12-07.connect_to_db:260] Success connect to clickhouse
[07/December/2023 14:54:51] INFO [receive_2023-12-07.parse_data:124] Starting read json. Length of json is 4678. Table is orders_report
[07/December/2023 14:54:51] INFO [receive_2023-12-07.write_to_json:165] Saving data to file 2023-12-07 14:54:51.751386_orders_report.json
[07/December/2023 14:54:51] INFO [receive_2023-12-07.count_number_loaded_rows:283] The data has not yet been uploaded to the database
[07/December/2023 14:55:12] INFO [receive_2023-12-07.count_number_loaded_rows:283] The data has not yet been uploaded to the database
[07/December/2023 14:55:32] INFO [receive_2023-12-07.count_number_loaded_rows:285] The data has been uploaded to the database
[07/December/2023 14:55:32] INFO [receive_2023-12-07.update_status:298] Success updated `is_obsolete` key on `False`
[07/December/2023 14:55:50] INFO [receive_2023-12-07.update_status:308] Success updated all `is_obsolete` key
[07/December/2023 14:55:50] INFO [receive_2023-12-07.update_status:309] Data processing in the database is completed
[07/December/2023 14:55:50] INFO [receive_2023-12-07.callback:95] Callback exit. The data from the queue was processed by the script
[07/December/2023 14:55:51] INFO [receive_2023-12-07.read_msg:42] Success connect to RabbitMQ
[07/December/2023 14:55:51] INFO [receive_2023-12-07.read_msg:47] Start consuming
[07/December/2023 14:56:05] INFO [receive_2023-12-07.read_msg:39] The script has started working
[07/December/2023 14:56:05] INFO [receive_2023-12-07.callback:85] Callback start for ch=, method=, properties=, body_message called
[07/December/2023 14:56:15] INFO [receive_2023-12-07.connect_to_db:260] Success connect to clickhouse
[07/December/2023 14:56:15] INFO [receive_2023-12-07.parse_data:124] Starting read json. Length of json is 1061. Table is auto_pickup_general_report
[07/December/2023 14:56:16] INFO [receive_2023-12-07.write_to_json:165] Saving data to file 2023-12-07 14:56:16.142182_auto_pickup_general_report.json
[07/December/2023 14:56:16] INFO [receive_2023-12-07.count_number_loaded_rows:283] The data has not yet been uploaded to the database
[07/December/2023 14:56:36] INFO [receive_2023-12-07.count_number_loaded_rows:283] The data has not yet been uploaded to the database
[07/December/2023 14:56:56] INFO [receive_2023-12-07.count_number_loaded_rows:283] The data has not yet been uploaded to the database
[07/December/2023 14:57:17] INFO [receive_2023-12-07.count_number_loaded_rows:283] The data has not yet been uploaded to the database
[07/December/2023 14:57:37] INFO [receive_2023-12-07.count_number_loaded_rows:285] The data has been uploaded to the database
[07/December/2023 14:57:37] INFO [receive_2023-12-07.update_status:298] Success updated `is_obsolete` key on `False`
[07/December/2023 14:57:58] INFO [receive_2023-12-07.read_msg:39] The script has started working
[07/December/2023 14:57:58] INFO [receive_2023-12-07.callback:85] Callback start for ch=, method=, properties=, body_message called
[07/December/2023 14:58:08] INFO [receive_2023-12-07.connect_to_db:260] Success connect to clickhouse
[07/December/2023 14:58:08] INFO [receive_2023-12-07.parse_data:124] Starting read json. Length of json is 46521. Table is transport_units
[07/December/2023 14:58:09] INFO [receive_2023-12-07.write_to_json:165] Saving data to file 2023-12-07 14:58:09.157546_transport_units.json
[07/December/2023 14:58:09] INFO [receive_2023-12-07.count_number_loaded_rows:283] The data has not yet been uploaded to the database
[07/December/2023 14:58:30] INFO [receive_2023-12-07.count_number_loaded_rows:283] The data has not yet been uploaded to the database
[07/December/2023 14:58:52] INFO [receive_2023-12-07.count_number_loaded_rows:283] The data has not yet been uploaded to the database
[07/December/2023 14:59:12] INFO [receive_2023-12-07.count_number_loaded_rows:285] The data has been uploaded to the database
[07/December/2023 14:59:12] INFO [receive_2023-12-07.update_status:298] Success updated `is_obsolete` key on `False`
[07/December/2023 14:59:12] INFO [receive_2023-12-07.update_status:309] Data processing in the database is completed
[07/December/2023 14:59:12] INFO [receive_2023-12-07.callback:95] Callback exit. The data from the queue was processed by the script
[07/December/2023 14:59:12] INFO [receive_2023-12-07.read_msg:42] Success connect to RabbitMQ
[07/December/2023 14:59:13] INFO [receive_2023-12-07.read_msg:47] Start consuming
[07/December/2023 14:59:22] INFO [receive_2023-12-07.read_msg:39] The script has started working
[07/December/2023 14:59:22] INFO [receive_2023-12-07.callback:85] Callback start for ch=, method=, properties=, body_message called
[07/December/2023 14:59:33] INFO [receive_2023-12-07.connect_to_db:260] Success connect to clickhouse
[07/December/2023 14:59:33] INFO [receive_2023-12-07.parse_data:124] Starting read json. Length of json is 12875. Table is consignments
[07/December/2023 14:59:33] INFO [receive_2023-12-07.write_to_json:165] Saving data to file 2023-12-07 14:59:33.682658_consignments.json
[07/December/2023 14:59:33] INFO [receive_2023-12-07.count_number_loaded_rows:283] The data has not yet been uploaded to the database
[07/December/2023 14:59:54] INFO [receive_2023-12-07.count_number_loaded_rows:283] The data has not yet been uploaded to the database
[07/December/2023 15:00:14] INFO [receive_2023-12-07.count_number_loaded_rows:283] The data has not yet been uploaded to the database
[07/December/2023 15:00:34] INFO [receive_2023-12-07.count_number_loaded_rows:283] The data has not yet been uploaded to the database
[07/December/2023 15:00:54] INFO [receive_2023-12-07.count_number_loaded_rows:285] The data has been uploaded to the database
[07/December/2023 15:00:55] INFO [receive_2023-12-07.update_status:298] Success updated `is_obsolete` key on `False`
[07/December/2023 15:01:26] INFO [receive_2023-12-07.read_msg:39] The script has started working
[07/December/2023 15:01:26] INFO [receive_2023-12-07.callback:85] Callback start for ch=, method=, properties=, body_message called
[07/December/2023 15:01:37] INFO [receive_2023-12-07.connect_to_db:260] Success connect to clickhouse
[07/December/2023 15:01:37] INFO [receive_2023-12-07.parse_data:124] Starting read json. Length of json is 489. Table is sales_plan
[07/December/2023 15:01:37] INFO [receive_2023-12-07.write_to_json:165] Saving data to file 2023-12-07 15:01:37.339111_sales_plan.json
[07/December/2023 15:01:37] INFO [receive_2023-12-07.count_number_loaded_rows:283] The data has not yet been uploaded to the database
[07/December/2023 15:01:57] INFO [receive_2023-12-07.count_number_loaded_rows:283] The data has not yet been uploaded to the database
[07/December/2023 15:02:17] INFO [receive_2023-12-07.count_number_loaded_rows:285] The data has been uploaded to the database
[07/December/2023 15:02:18] INFO [receive_2023-12-07.update_status:298] Success updated `is_obsolete` key on `False`
[07/December/2023 15:02:18] INFO [receive_2023-12-07.update_status:309] Data processing in the database is completed
[07/December/2023 15:02:18] INFO [receive_2023-12-07.callback:95] Callback exit. The data from the queue was processed by the script
[07/December/2023 15:02:18] INFO [receive_2023-12-07.read_msg:42] Success connect to RabbitMQ
[07/December/2023 15:02:18] INFO [receive_2023-12-07.read_msg:47] Start consuming
[07/December/2023 15:02:38] INFO [receive_2023-12-07.read_msg:39] The script has started working
[07/December/2023 15:02:38] INFO [receive_2023-12-07.callback:85] Callback start for ch=, method=, properties=, body_message called
[07/December/2023 15:02:49] INFO [receive_2023-12-07.connect_to_db:260] Success connect to clickhouse
[07/December/2023 15:02:49] INFO [receive_2023-12-07.parse_data:124] Starting read json. Length of json is 3. Table is development_counterparty_by_department
[07/December/2023 15:02:49] INFO [receive_2023-12-07.write_to_json:165] Saving data to file 2023-12-07 15:02:49.234283_development_counterparty_by_department.json
[07/December/2023 15:02:49] INFO [receive_2023-12-07.count_number_loaded_rows:283] The data has not yet been uploaded to the database
[07/December/2023 15:03:09] INFO [receive_2023-12-07.count_number_loaded_rows:285] The data has been uploaded to the database
[07/December/2023 15:03:09] INFO [receive_2023-12-07.update_status:298] Success updated `is_obsolete` key on `False`
[07/December/2023 15:03:09] INFO [receive_2023-12-07.update_status:309] Data processing in the database is completed
[07/December/2023 15:03:09] INFO [receive_2023-12-07.callback:95] Callback exit. The data from the queue was processed by the script
[07/December/2023 15:03:10] INFO [receive_2023-12-07.read_msg:42] Success connect to RabbitMQ
[07/December/2023 15:03:10] INFO [receive_2023-12-07.read_msg:47] Start consuming
[07/December/2023 15:03:30] INFO [receive_2023-12-07.read_msg:39] The script has started working
[07/December/2023 15:03:30] INFO [receive_2023-12-07.callback:85] Callback start for ch=, method=, properties=, body_message called
[07/December/2023 15:03:40] INFO [receive_2023-12-07.connect_to_db:260] Success connect to clickhouse
[07/December/2023 15:03:40] INFO [receive_2023-12-07.parse_data:124] Starting read json. Length of json is 2238. Table is natural_indicators_by_transaction_fact_date
[07/December/2023 15:03:41] INFO [receive_2023-12-07.write_to_json:165] Saving data to file 2023-12-07 15:03:41.107352_natural_indicators_by_transaction_fact_date.json
[07/December/2023 15:03:41] INFO [receive_2023-12-07.count_number_loaded_rows:283] The data has not yet been uploaded to the database
[07/December/2023 15:04:01] INFO [receive_2023-12-07.count_number_loaded_rows:285] The data has been uploaded to the database
[07/December/2023 15:04:01] INFO [receive_2023-12-07.update_status:298] Success updated `is_obsolete` key on `False`
[07/December/2023 15:04:24] INFO [receive_2023-12-07.read_msg:39] The script has started working
[07/December/2023 15:04:24] INFO [receive_2023-12-07.callback:85] Callback start for ch=, method=, properties=, body_message called
[07/December/2023 15:04:35] INFO [receive_2023-12-07.connect_to_db:260] Success connect to clickhouse
[07/December/2023 15:04:35] INFO [receive_2023-12-07.parse_data:124] Starting read json. Length of json is 194. Table is export_bookings
[07/December/2023 15:04:35] INFO [receive_2023-12-07.write_to_json:165] Saving data to file 2023-12-07 15:04:35.151627_export_bookings.json
[07/December/2023 15:04:35] INFO [receive_2023-12-07.count_number_loaded_rows:283] The data has not yet been uploaded to the database
[07/December/2023 15:04:55] INFO [receive_2023-12-07.count_number_loaded_rows:285] The data has been uploaded to the database
[07/December/2023 15:04:55] INFO [receive_2023-12-07.update_status:298] Success updated `is_obsolete` key on `False`
[07/December/2023 15:05:17] INFO [receive_2023-12-07.read_msg:39] The script has started working
[07/December/2023 15:05:17] INFO [receive_2023-12-07.callback:85] Callback start for ch=, method=, properties=, body_message called
[07/December/2023 15:05:28] INFO [receive_2023-12-07.connect_to_db:260] Success connect to clickhouse
[07/December/2023 15:05:28] INFO [receive_2023-12-07.parse_data:124] Starting read json. Length of json is 474. Table is import_bookings
[07/December/2023 15:05:28] INFO [receive_2023-12-07.write_to_json:165] Saving data to file 2023-12-07 15:05:28.404505_import_bookings.json
[07/December/2023 15:05:28] INFO [receive_2023-12-07.count_number_loaded_rows:283] The data has not yet been uploaded to the database
[07/December/2023 15:05:48] INFO [receive_2023-12-07.count_number_loaded_rows:285] The data has been uploaded to the database
[07/December/2023 15:05:48] INFO [receive_2023-12-07.update_status:298] Success updated `is_obsolete` key on `False`
[07/December/2023 15:06:37] INFO [receive_2023-12-07.update_status:308] Success updated all `is_obsolete` key
[07/December/2023 15:06:37] INFO [receive_2023-12-07.update_status:309] Data processing in the database is completed
[07/December/2023 15:06:37] INFO [receive_2023-12-07.callback:95] Callback exit. The data from the queue was processed by the script
[07/December/2023 15:06:41] INFO [receive_2023-12-07.read_msg:39] The script has started working
[07/December/2023 15:06:41] INFO [receive_2023-12-07.callback:85] Callback start for ch=, method=, properties=, body_message called
[07/December/2023 15:06:51] INFO [receive_2023-12-07.connect_to_db:260] Success connect to clickhouse
[07/December/2023 15:06:51] INFO [receive_2023-12-07.parse_data:124] Starting read json. Length of json is 2289. Table is completed_repackages_report
[07/December/2023 15:06:51] INFO [receive_2023-12-07.write_to_json:165] Saving data to file 2023-12-07 15:06:51.882144_completed_repackages_report.json
[07/December/2023 15:06:52] INFO [receive_2023-12-07.count_number_loaded_rows:283] The data has not yet been uploaded to the database
[07/December/2023 15:07:12] INFO [receive_2023-12-07.count_number_loaded_rows:283] The data has not yet been uploaded to the database
[07/December/2023 15:07:32] INFO [receive_2023-12-07.count_number_loaded_rows:285] The data has been uploaded to the database
[07/December/2023 15:07:32] INFO [receive_2023-12-07.update_status:298] Success updated `is_obsolete` key on `False`
[07/December/2023 15:07:32] INFO [receive_2023-12-07.update_status:309] Data processing in the database is completed
[07/December/2023 15:07:32] INFO [receive_2023-12-07.callback:95] Callback exit. The data from the queue was processed by the script
[07/December/2023 15:07:33] INFO [receive_2023-12-07.read_msg:42] Success connect to RabbitMQ
[07/December/2023 15:07:33] INFO [receive_2023-12-07.read_msg:47] Start consuming
[07/December/2023 15:07:53] INFO [receive_2023-12-07.read_msg:39] The script has started working
[07/December/2023 15:07:53] INFO [receive_2023-12-07.callback:85] Callback start for ch=, method=, properties=, body_message called
[07/December/2023 15:08:03] INFO [receive_2023-12-07.connect_to_db:260] Success connect to clickhouse
[07/December/2023 15:08:03] INFO [receive_2023-12-07.parse_data:124] Starting read json. Length of json is 296. Table is autovisits
[07/December/2023 15:08:03] INFO [receive_2023-12-07.write_to_json:165] Saving data to file 2023-12-07 15:08:03.805703_autovisits.json
[07/December/2023 15:08:03] INFO [receive_2023-12-07.count_number_loaded_rows:283] The data has not yet been uploaded to the database
[07/December/2023 15:08:24] INFO [receive_2023-12-07.count_number_loaded_rows:285] The data has been uploaded to the database
[07/December/2023 15:08:24] INFO [receive_2023-12-07.update_status:298] Success updated `is_obsolete` key on `False`
[07/December/2023 15:08:56] INFO [receive_2023-12-07.update_status:308] Success updated all `is_obsolete` key
[07/December/2023 15:08:56] INFO [receive_2023-12-07.update_status:309] Data processing in the database is completed
[07/December/2023 15:08:56] INFO [receive_2023-12-07.callback:95] Callback exit. The data from the queue was processed by the script
[07/December/2023 15:08:56] INFO [receive_2023-12-07.read_msg:42] Success connect to RabbitMQ
[07/December/2023 15:08:57] INFO [receive_2023-12-07.read_msg:47] Start consuming
[07/December/2023 15:09:14] INFO [receive_2023-12-07.read_msg:39] The script has started working
[07/December/2023 15:09:14] INFO [receive_2023-12-07.callback:85] Callback start for ch=, method=, properties=, body_message called
[07/December/2023 15:09:24] INFO [receive_2023-12-07.connect_to_db:260] Success connect to clickhouse
[07/December/2023 15:09:24] INFO [receive_2023-12-07.parse_data:124] Starting read json. Length of json is 4041. Table is accounting_documents_requests
[07/December/2023 15:09:25] INFO [receive_2023-12-07.write_to_json:165] Saving data to file 2023-12-07 15:09:25.123036_accounting_documents_requests.json
[07/December/2023 15:09:25] INFO [receive_2023-12-07.count_number_loaded_rows:283] The data has not yet been uploaded to the database
[07/December/2023 15:09:45] INFO [receive_2023-12-07.count_number_loaded_rows:283] The data has not yet been uploaded to the database
[07/December/2023 15:10:05] INFO [receive_2023-12-07.count_number_loaded_rows:285] The data has been uploaded to the database
[07/December/2023 15:10:05] INFO [receive_2023-12-07.update_status:298] Success updated `is_obsolete` key on `False`
[07/December/2023 15:10:19] INFO [receive_2023-12-07.read_msg:39] The script has started working
[07/December/2023 15:10:19] INFO [receive_2023-12-07.callback:85] Callback start for ch=, method=, properties=, body_message called
[07/December/2023 15:10:30] INFO [receive_2023-12-07.connect_to_db:260] Success connect to clickhouse
[07/December/2023 15:10:30] INFO [receive_2023-12-07.parse_data:124] Starting read json. Length of json is 7691. Table is rzhd_by_operations_report
[07/December/2023 15:10:30] INFO [receive_2023-12-07.write_to_json:165] Saving data to file 2023-12-07 15:10:30.803877_rzhd_by_operations_report.json
[07/December/2023 15:10:31] INFO [receive_2023-12-07.count_number_loaded_rows:283] The data has not yet been uploaded to the database
[07/December/2023 15:10:51] INFO [receive_2023-12-07.count_number_loaded_rows:283] The data has not yet been uploaded to the database
[07/December/2023 15:11:11] INFO [receive_2023-12-07.count_number_loaded_rows:283] The data has not yet been uploaded to the database
[07/December/2023 15:11:31] INFO [receive_2023-12-07.count_number_loaded_rows:283] The data has not yet been uploaded to the database
[07/December/2023 15:11:52] INFO [receive_2023-12-07.count_number_loaded_rows:283] The data has not yet been uploaded to the database
[07/December/2023 15:12:12] INFO [receive_2023-12-07.count_number_loaded_rows:283] The data has not yet been uploaded to the database
[07/December/2023 15:12:32] INFO [receive_2023-12-07.count_number_loaded_rows:283] The data has not yet been uploaded to the database
[07/December/2023 15:12:52] INFO [receive_2023-12-07.count_number_loaded_rows:283] The data has not yet been uploaded to the database
[07/December/2023 15:13:12] INFO [receive_2023-12-07.count_number_loaded_rows:285] The data has been uploaded to the database
[07/December/2023 15:13:13] INFO [receive_2023-12-07.update_status:298] Success updated `is_obsolete` key on `False`
[07/December/2023 15:14:12] INFO [receive_2023-12-07.read_msg:39] The script has started working
[07/December/2023 15:14:12] INFO [receive_2023-12-07.callback:85] Callback start for ch=, method=, properties=, body_message called
[07/December/2023 15:14:23] INFO [receive_2023-12-07.connect_to_db:260] Success connect to clickhouse
[07/December/2023 15:14:23] INFO [receive_2023-12-07.parse_data:124] Starting read json. Length of json is 16556. Table is daily_summary
[07/December/2023 15:14:23] INFO [receive_2023-12-07.write_to_json:165] Saving data to file 2023-12-07 15:14:23.868173_daily_summary.json
[07/December/2023 15:14:24] INFO [receive_2023-12-07.count_number_loaded_rows:283] The data has not yet been uploaded to the database
[07/December/2023 15:14:44] INFO [receive_2023-12-07.count_number_loaded_rows:283] The data has not yet been uploaded to the database
[07/December/2023 15:15:04] INFO [receive_2023-12-07.count_number_loaded_rows:283] The data has not yet been uploaded to the database
[07/December/2023 15:15:26] INFO [receive_2023-12-07.count_number_loaded_rows:283] The data has not yet been uploaded to the database
[07/December/2023 15:15:49] INFO [receive_2023-12-07.count_number_loaded_rows:283] The data has not yet been uploaded to the database
[07/December/2023 15:16:09] INFO [receive_2023-12-07.count_number_loaded_rows:285] The data has been uploaded to the database
[07/December/2023 15:16:09] INFO [receive_2023-12-07.update_status:298] Success updated `is_obsolete` key on `False`
[07/December/2023 15:16:51] INFO [receive_2023-12-07.update_status:308] Success updated all `is_obsolete` key
[07/December/2023 15:16:51] INFO [receive_2023-12-07.update_status:309] Data processing in the database is completed
[07/December/2023 15:16:51] INFO [receive_2023-12-07.callback:95] Callback exit. The data from the queue was processed by the script
[07/December/2023 15:16:51] INFO [receive_2023-12-07.read_msg:42] Success connect to RabbitMQ
[07/December/2023 15:16:52] INFO [receive_2023-12-07.read_msg:47] Start consuming
[07/December/2023 15:18:39] INFO [receive_2023-12-07.read_msg:39] The script has started working
[07/December/2023 15:18:39] INFO [receive_2023-12-07.callback:85] Callback start for ch=, method=, properties=, body_message called
[07/December/2023 15:18:50] INFO [receive_2023-12-07.connect_to_db:260] Success connect to clickhouse
[07/December/2023 15:18:50] INFO [receive_2023-12-07.parse_data:124] Starting read json. Length of json is 18887. Table is orders_marginality_report
[07/December/2023 15:18:50] INFO [receive_2023-12-07.write_to_json:165] Saving data to file 2023-12-07 15:18:50.633783_orders_marginality_report.json
[07/December/2023 15:18:51] INFO [receive_2023-12-07.count_number_loaded_rows:283] The data has not yet been uploaded to the database
[07/December/2023 15:19:12] INFO [receive_2023-12-07.count_number_loaded_rows:283] The data has not yet been uploaded to the database
[07/December/2023 15:19:33] INFO [receive_2023-12-07.count_number_loaded_rows:283] The data has not yet been uploaded to the database
[07/December/2023 15:19:53] INFO [receive_2023-12-07.count_number_loaded_rows:283] The data has not yet been uploaded to the database
[07/December/2023 15:20:14] INFO [receive_2023-12-07.count_number_loaded_rows:285] The data has been uploaded to the database
[07/December/2023 15:20:14] INFO [receive_2023-12-07.update_status:298] Success updated `is_obsolete` key on `False`
[07/December/2023 15:28:46] INFO [receive_2023-12-07.update_status:308] Success updated all `is_obsolete` key
[07/December/2023 15:28:46] INFO [receive_2023-12-07.update_status:309] Data processing in the database is completed
[07/December/2023 15:28:46] INFO [receive_2023-12-07.callback:95] Callback exit. The data from the queue was processed by the script
[07/December/2023 15:28:46] INFO [receive_2023-12-07.read_msg:42] Success connect to RabbitMQ
[07/December/2023 15:28:47] INFO [receive_2023-12-07.read_msg:47] Start consuming
[07/December/2023 15:36:14] INFO [receive_2023-12-07.read_msg:39] The script has started working
[07/December/2023 15:36:14] INFO [receive_2023-12-07.callback:85] Callback start for ch=, method=, properties=, body_message called
[07/December/2023 15:36:25] INFO [receive_2023-12-07.connect_to_db:260] Success connect to clickhouse
[07/December/2023 15:36:25] INFO [receive_2023-12-07.parse_data:124] Starting read json. Length of json is 58354. Table is rzhd_by_operations_report
[07/December/2023 15:36:26] INFO [receive_2023-12-07.write_to_json:165] Saving data to file 2023-12-07 15:36:26.627104_rzhd_by_operations_report.json
[07/December/2023 15:36:27] INFO [receive_2023-12-07.count_number_loaded_rows:283] The data has not yet been uploaded to the database
[07/December/2023 15:36:48] INFO [receive_2023-12-07.count_number_loaded_rows:283] The data has not yet been uploaded to the database
[07/December/2023 15:37:09] INFO [receive_2023-12-07.count_number_loaded_rows:283] The data has not yet been uploaded to the database
[07/December/2023 15:37:32] INFO [receive_2023-12-07.count_number_loaded_rows:283] The data has not yet been uploaded to the database
[07/December/2023 15:37:52] INFO [receive_2023-12-07.count_number_loaded_rows:283] The data has not yet been uploaded to the database
[07/December/2023 15:38:13] INFO [receive_2023-12-07.count_number_loaded_rows:283] The data has not yet been uploaded to the database
[07/December/2023 15:38:33] INFO [receive_2023-12-07.count_number_loaded_rows:283] The data has not yet been uploaded to the database
[07/December/2023 15:38:54] INFO [receive_2023-12-07.count_number_loaded_rows:283] The data has not yet been uploaded to the database
[07/December/2023 15:39:14] INFO [receive_2023-12-07.count_number_loaded_rows:283] The data has not yet been uploaded to the database
[07/December/2023 15:39:34] INFO [receive_2023-12-07.count_number_loaded_rows:283] The data has not yet been uploaded to the database
[07/December/2023 15:39:54] INFO [receive_2023-12-07.count_number_loaded_rows:283] The data has not yet been uploaded to the database
[07/December/2023 15:40:15] INFO [receive_2023-12-07.count_number_loaded_rows:285] The data has been uploaded to the database
[07/December/2023 15:40:15] INFO [receive_2023-12-07.update_status:298] Success updated `is_obsolete` key on `False`
[07/December/2023 15:46:38] INFO [receive_2023-12-07.update_status:308] Success updated all `is_obsolete` key
[07/December/2023 15:46:38] INFO [receive_2023-12-07.update_status:309] Data processing in the database is completed
[07/December/2023 15:46:38] INFO [receive_2023-12-07.callback:95] Callback exit. The data from the queue was processed by the script
[07/December/2023 15:46:39] INFO [receive_2023-12-07.read_msg:42] Success connect to RabbitMQ
[07/December/2023 15:46:39] INFO [receive_2023-12-07.read_msg:47] Start consuming
